Using pre-set license
Built from '2021.1/staging' branch; Version is '2021.1.19f1 (5f5eb8bbdc25) revision 6250168'; Using compiler version '192528614'; Build Type 'Release'
OS: 'Windows 10 Home; OS build 19042.1348; Version 2009; 64bit' Language: 'en' Physical Memory: 15732 MB
BatchMode: 1, IsHumanControllingUs: 0, StartBugReporterOnCrash: 0, Is64bit: 1, IsPro: 0

COMMAND LINE ARGUMENTS:
C:\Program Files\Unity\Hub\Editor\2021.1.19f1\Editor\Unity.exe
-adb2
-batchMode
-noUpm
-name
AssetImportWorker0
-projectPath
C:/Users/ruich/GitHub/GAME2014Mobile/GAME2014_A2_101277255/GAME2014_A2_101277255
-logFile
Logs/AssetImportWorker0.log
-srvPort
50696
Successfully changed project path to: C:/Users/ruich/GitHub/GAME2014Mobile/GAME2014_A2_101277255/GAME2014_A2_101277255
C:/Users/ruich/GitHub/GAME2014Mobile/GAME2014_A2_101277255/GAME2014_A2_101277255
Using Asset Import Pipeline V2.
Refreshing native plugins compatible for Editor in 104.02 ms, found 4 plugins.
Preloading 0 native plugins for Editor in 0.00 ms.
Initialize engine version: 2021.1.19f1 (5f5eb8bbdc25)
[Subsystems] Discovering subsystems at path C:/Program Files/Unity/Hub/Editor/2021.1.19f1/Editor/Data/Resources/UnitySubsystems
[Subsystems] Discovering subsystems at path C:/Users/ruich/GitHub/GAME2014Mobile/GAME2014_A2_101277255/GAME2014_A2_101277255/Assets
GfxDevice: creating device client; threaded=0; jobified=0
Direct3D:
    Version:  Direct3D 11.0 [level 11.1]
    Renderer: NVIDIA GeForce RTX 3060 Laptop GPU (ID=0x2520)
    Vendor:   NVIDIA
    VRAM:     6023 MB
    Driver:   30.0.14.7219
Initialize mono
Mono path[0] = 'C:/Program Files/Unity/Hub/Editor/2021.1.19f1/Editor/Data/Managed'
Mono path[1] = 'C:/Program Files/Unity/Hub/Editor/2021.1.19f1/Editor/Data/MonoBleedingEdge/lib/mono/unityjit'
Mono config path = 'C:/Program Files/Unity/Hub/Editor/2021.1.19f1/Editor/Data/MonoBleedingEdge/etc'
Using monoOptions --debugger-agent=transport=dt_socket,embedding=1,server=y,suspend=n,address=127.0.0.1:56236
Begin MonoManager ReloadAssembly
Registering precompiled unity dll's ...
Register platform support module: C:/Program Files/Unity/Hub/Editor/2021.1.19f1/Editor/Data/PlaybackEngines/WebGLSupport/UnityEditor.WebGL.Extensions.dll
Register platform support module: C:/Program Files/Unity/Hub/Editor/2021.1.19f1/Editor/Data/PlaybackEngines/WindowsStandaloneSupport/UnityEditor.WindowsStandalone.Extensions.dll
Registered in 0.002168 seconds.
Native extension for WindowsStandalone target not found
Native extension for WebGL target not found
Refreshing native plugins compatible for Editor in 97.20 ms, found 4 plugins.
Preloading 0 native plugins for Editor in 0.00 ms.
Mono: successfully reloaded assembly
- Completed reload, in  1.717 seconds
Domain Reload Profiling:
	ReloadAssembly (1717ms)
		BeginReloadAssembly (56ms)
			ExecutionOrderSort (0ms)
			DisableScriptedObjects (0ms)
			BackupInstance (0ms)
			ReleaseScriptingObjects (0ms)
			CreateAndSetChildDomain (1ms)
		EndReloadAssembly (400ms)
			LoadAssemblies (54ms)
			RebuildTransferFunctionScriptingTraits (0ms)
			SetupTypeCache (123ms)
			ReleaseScriptCaches (0ms)
			RebuildScriptCaches (21ms)
			SetupLoadedEditorAssemblies (214ms)
				LogAssemblyErrors (0ms)
				InitializePlatformSupportModulesInManaged (6ms)
				SetLoadedEditorAssemblies (0ms)
				RefreshPlugins (97ms)
				BeforeProcessingInitializeOnLoad (1ms)
				ProcessInitializeOnLoadAttributes (85ms)
				ProcessInitializeOnLoadMethodAttributes (24ms)
				AfterProcessingInitializeOnLoad (0ms)
				EditorAssembliesLoaded (0ms)
			ExecutionOrderSort2 (0ms)
			AwakeInstancesAfterBackupRestoration (0ms)
Platform modules already initialized, skipping
Registering precompiled user dll's ...
Registered in 0.005392 seconds.
Begin MonoManager ReloadAssembly
Symbol file LoadedFromMemory doesn't match image C:\Users\ruich\GitHub\GAME2014Mobile\GAME2014_A2_101277255\GAME2014_A2_101277255\Library\PackageCache\com.unity.visualscripting@1.6.1\Editor\VisualScripting.Core\Dependencies\YamlDotNet\Unity.VisualScripting.YamlDotNet.dll
Symbol file LoadedFromMemory doesn't match image C:\Users\ruich\GitHub\GAME2014Mobile\GAME2014_A2_101277255\GAME2014_A2_101277255\Library\PackageCache\com.unity.visualscripting@1.6.1\Editor\VisualScripting.Core\Dependencies\DotNetZip\Unity.VisualScripting.IonicZip.dll
Native extension for WindowsStandalone target not found
Native extension for WebGL target not found
Refreshing native plugins compatible for Editor in 95.04 ms, found 4 plugins.
Preloading 0 native plugins for Editor in 0.00 ms.
Mono: successfully reloaded assembly
- Completed reload, in  1.037 seconds
Domain Reload Profiling:
	ReloadAssembly (1037ms)
		BeginReloadAssembly (125ms)
			ExecutionOrderSort (0ms)
			DisableScriptedObjects (4ms)
			BackupInstance (0ms)
			ReleaseScriptingObjects (0ms)
			CreateAndSetChildDomain (21ms)
		EndReloadAssembly (863ms)
			LoadAssemblies (83ms)
			RebuildTransferFunctionScriptingTraits (0ms)
			SetupTypeCache (277ms)
			ReleaseScriptCaches (1ms)
			RebuildScriptCaches (39ms)
			SetupLoadedEditorAssemblies (391ms)
				LogAssemblyErrors (0ms)
				InitializePlatformSupportModulesInManaged (4ms)
				SetLoadedEditorAssemblies (0ms)
				RefreshPlugins (95ms)
				BeforeProcessingInitializeOnLoad (79ms)
				ProcessInitializeOnLoadAttributes (192ms)
				ProcessInitializeOnLoadMethodAttributes (15ms)
				AfterProcessingInitializeOnLoad (6ms)
				EditorAssembliesLoaded (0ms)
			ExecutionOrderSort2 (0ms)
			AwakeInstancesAfterBackupRestoration (6ms)
Platform modules already initialized, skipping
========================================================================
Worker process is ready to serve import requests
Launched and connected shader compiler UnityShaderCompiler.exe after 0.03 seconds
Refreshing native plugins compatible for Editor in 0.89 ms, found 4 plugins.
Preloading 0 native plugins for Editor in 0.00 ms.
Unloading 3771 Unused Serialized files (Serialized files now loaded: 0)
System memory in use before: 140.3 MB.
System memory in use after: 140.5 MB.

Unloading 43 unused Assets to reduce memory usage. Loaded Objects now: 4209.
Total: 3.063500 ms (FindLiveObjects: 0.322200 ms CreateObjectMapping: 0.109100 ms MarkObjects: 2.577100 ms  DeleteObjects: 0.053800 ms)

AssetImportParameters requested are different than current active one (requested -> active):
  custom:framework-win-MediaFoundation: 216162199b28c13a410421893ffa2e32 -> 
  custom:video-decoder-ogg-theora: a1e56fd34408186e4bbccfd4996cb3dc -> 
  custom:container-muxer-webm: aa71ff27fc2769a1b78a27578f13a17b -> 
  custom:container-demuxer-webm: 4f35f7cbe854078d1ac9338744f61a02 -> 
  custom:container-demuxer-ogg: 62fdf1f143b41e24485cea50d1cbac27 -> 
  custom:video-encoder-webm-vp8: eb34c28f22e8b96e1ab97ce403110664 -> 
  custom:video-codec-MediaFoundation-h265: 746d11721c4dcdbdad8f713fa42b33f4 -> 
  custom:video-decoder-webm-vp8: 9c59270c3fd7afecdb556c50c9e8de78 -> 
  custom:audio-decoder-ogg-vorbis: bf7c407c2cedff20999df2af8eb42d56 -> 
  custom:audio-encoder-webm-vorbis: bf7c407c2cedff20999df2af8eb42d56 -> 
========================================================================
Received Import Request.
  path: Assets/ArtAssets/2D Pixel Item Pack/Heavy Outline/S_ItemHeavyOutline_JarGold_00.png
  artifactKey: Guid(5775109fdaceec14bacc8fa0025883a4) Importer(815301076,1909f56bfc062723c751e8b465ee728b)
Start importing Assets/ArtAssets/2D Pixel Item Pack/Heavy Outline/S_ItemHeavyOutline_JarGold_00.png using Guid(5775109fdaceec14bacc8fa0025883a4) Importer(815301076,1909f56bfc062723c751e8b465ee728b)  -> (artifact id: '749d5033ee718681445742cf97ba7031') in 0.082299 seconds 
========================================================================
Received Import Request.
  Time since last request: 0.000137 seconds.
  path: Assets/ArtAssets/2D Pixel Item Pack/Heavy Outline/S_ItemHeavyOutline_JarBlue_01.png
  artifactKey: Guid(1c03cba2df0c2f5489583ca1ad01cc0a) Importer(815301076,1909f56bfc062723c751e8b465ee728b)
Start importing Assets/ArtAssets/2D Pixel Item Pack/Heavy Outline/S_ItemHeavyOutline_JarBlue_01.png using Guid(1c03cba2df0c2f5489583ca1ad01cc0a) Importer(815301076,1909f56bfc062723c751e8b465ee728b)  -> (artifact id: '016e27af427cf7983d4321358c674632') in 0.022238 seconds 
========================================================================
Received Import Request.
  Time since last request: 0.000149 seconds.
  path: Assets/ArtAssets/2D Pixel Item Pack/Heavy Outline/S_ItemHeavyOutline_JarPurple_01.png
  artifactKey: Guid(e3d1eaf805bf5fd49bc8281bac4848b0) Importer(815301076,1909f56bfc062723c751e8b465ee728b)
Start importing Assets/ArtAssets/2D Pixel Item Pack/Heavy Outline/S_ItemHeavyOutline_JarPurple_01.png using Guid(e3d1eaf805bf5fd49bc8281bac4848b0) Importer(815301076,1909f56bfc062723c751e8b465ee728b)  -> (artifact id: '8a20aef2d6872b26ec88843a25dafaf8') in 0.025054 seconds 
========================================================================
Received Import Request.
  Time since last request: 0.000148 seconds.
  path: Assets/ArtAssets/2D Pixel Item Pack/Heavy Outline/S_ItemHeavyOutline_JarPurple_00.png
  artifactKey: Guid(f0c791a61d836134ebacb8eed2c6c122) Importer(815301076,1909f56bfc062723c751e8b465ee728b)
Start importing Assets/ArtAssets/2D Pixel Item Pack/Heavy Outline/S_ItemHeavyOutline_JarPurple_00.png using Guid(f0c791a61d836134ebacb8eed2c6c122) Importer(815301076,1909f56bfc062723c751e8b465ee728b)  -> (artifact id: 'ca58b1b00c4cc172b34bf918f658036a') in 0.020867 seconds 
========================================================================
Received Import Request.
  Time since last request: 0.000210 seconds.
  path: Assets/ArtAssets/2D Pixel Item Pack/Heavy Outline/S_ItemHeavyOutline_JarGreen_01.png
  artifactKey: Guid(b11b9cfda6a1c3e40bbfc86f6679be30) Importer(815301076,1909f56bfc062723c751e8b465ee728b)
Start importing Assets/ArtAssets/2D Pixel Item Pack/Heavy Outline/S_ItemHeavyOutline_JarGreen_01.png using Guid(b11b9cfda6a1c3e40bbfc86f6679be30) Importer(815301076,1909f56bfc062723c751e8b465ee728b)  -> (artifact id: '63bb8603b7754192d19157f37fe93e70') in 0.023671 seconds 
========================================================================
Received Import Request.
  Time since last request: 0.000131 seconds.
  path: Assets/ArtAssets/2D Pixel Item Pack/Heavy Outline/S_ItemHeavyOutline_JarGold_01.png
  artifactKey: Guid(24fd49e15c47ec54ab455b14c2430b67) Importer(815301076,1909f56bfc062723c751e8b465ee728b)
Start importing Assets/ArtAssets/2D Pixel Item Pack/Heavy Outline/S_ItemHeavyOutline_JarGold_01.png using Guid(24fd49e15c47ec54ab455b14c2430b67) Importer(815301076,1909f56bfc062723c751e8b465ee728b)  -> (artifact id: '7245d5d0ce3c7a2aea3b64fe6a9f28ef') in 0.020966 seconds 
========================================================================
Received Import Request.
  Time since last request: 0.000141 seconds.
  path: Assets/ArtAssets/2D Pixel Item Pack/Heavy Outline/S_ItemHeavyOutline_JarGreen_00.png
  artifactKey: Guid(6d66159f201fc9d4ab6edf9f5ccc0414) Importer(815301076,1909f56bfc062723c751e8b465ee728b)
Start importing Assets/ArtAssets/2D Pixel Item Pack/Heavy Outline/S_ItemHeavyOutline_JarGreen_00.png using Guid(6d66159f201fc9d4ab6edf9f5ccc0414) Importer(815301076,1909f56bfc062723c751e8b465ee728b)  -> (artifact id: '6915eb6a5687a5f02dfc210776225d27') in 0.024424 seconds 
========================================================================
Received Import Request.
  Time since last request: 3.576291 seconds.
  path: Assets/ArtAssets/2D Pixel Item Pack/Heavy Outline/S_ItemHeavyOutline_JarRed_00.png
  artifactKey: Guid(696f52c7965f17746a01941fdbb0b1ba) Importer(815301076,1909f56bfc062723c751e8b465ee728b)
Start importing Assets/ArtAssets/2D Pixel Item Pack/Heavy Outline/S_ItemHeavyOutline_JarRed_00.png using Guid(696f52c7965f17746a01941fdbb0b1ba) Importer(815301076,1909f56bfc062723c751e8b465ee728b)  -> (artifact id: 'afc94dbcab9f794a869614c45c215ea6') in 0.017268 seconds 
========================================================================
Received Import Request.
  Time since last request: 0.875259 seconds.
  path: Assets/ArtAssets/2D Pixel Item Pack/Heavy Outline/S_ItemHeavyOutline_JarRed_01.png
  artifactKey: Guid(891b417b9d32c9244a95ade4212d6b7a) Importer(815301076,1909f56bfc062723c751e8b465ee728b)
Start importing Assets/ArtAssets/2D Pixel Item Pack/Heavy Outline/S_ItemHeavyOutline_JarRed_01.png using Guid(891b417b9d32c9244a95ade4212d6b7a) Importer(815301076,1909f56bfc062723c751e8b465ee728b)  -> (artifact id: 'd0cb8604cff296a85156ce847c99ba11') in 0.018521 seconds 
========================================================================
Received Import Request.
  Time since last request: 35.517957 seconds.
  path: Assets/ArtAssets/2D Pixel Item Pack/Heavy Outline/S_ItemHeavyOutline_PotionRed_00.png
  artifactKey: Guid(2f605f8487435b64780f2f663cc01c4c) Importer(815301076,1909f56bfc062723c751e8b465ee728b)
Start importing Assets/ArtAssets/2D Pixel Item Pack/Heavy Outline/S_ItemHeavyOutline_PotionRed_00.png using Guid(2f605f8487435b64780f2f663cc01c4c) Importer(815301076,1909f56bfc062723c751e8b465ee728b)  -> (artifact id: '6ff4aadb122388528fda6c5ba38c71f4') in 0.022108 seconds 
========================================================================
Received Import Request.
  Time since last request: 1.871419 seconds.
  path: Assets/ArtAssets/2D Pixel Item Pack/Heavy Outline/S_ItemHeavyOutline_PotionRed_01.png
  artifactKey: Guid(c01f7a293883d3a408c2a84b25f48f27) Importer(815301076,1909f56bfc062723c751e8b465ee728b)
Start importing Assets/ArtAssets/2D Pixel Item Pack/Heavy Outline/S_ItemHeavyOutline_PotionRed_01.png using Guid(c01f7a293883d3a408c2a84b25f48f27) Importer(815301076,1909f56bfc062723c751e8b465ee728b)  -> (artifact id: '5f19ca3d82fb9da4722e45692ab5c19c') in 0.010546 seconds 
========================================================================
Received Import Request.
  Time since last request: 9.019107 seconds.
  path: Assets/ArtAssets/2D Pixel Item Pack/Heavy Outline/S_ItemHeavyOutline_PotionRed_02.png
  artifactKey: Guid(ea665887fc114a1419626aa55d7eb60c) Importer(815301076,1909f56bfc062723c751e8b465ee728b)
Start importing Assets/ArtAssets/2D Pixel Item Pack/Heavy Outline/S_ItemHeavyOutline_PotionRed_02.png using Guid(ea665887fc114a1419626aa55d7eb60c) Importer(815301076,1909f56bfc062723c751e8b465ee728b)  -> (artifact id: '819bd63a52bb9640259d26cbf1aba864') in 0.027123 seconds 
AssetImportWorkerClient::OnTransportError - code=2 error=End of file
